2023-01-29 10:47:00 - PHP Unknown:  Function zip_open() is deprecated in C:\OpenServer\domains\test\admin\controller\extension\installer.php on line 119
2023-01-29 10:47:00 - PHP Unknown:  Function zip_read() is deprecated in C:\OpenServer\domains\test\admin\controller\extension\installer.php on line 137
2023-01-29 10:47:00 - PHP Unknown:  Function zip_entry_name() is deprecated in C:\OpenServer\domains\test\admin\controller\extension\installer.php on line 138
2023-01-29 10:47:00 - PHP Unknown:  Function zip_read() is deprecated in C:\OpenServer\domains\test\admin\controller\extension\installer.php on line 137
2023-01-29 10:47:00 - PHP Unknown:  Function zip_entry_name() is deprecated in C:\OpenServer\domains\test\admin\controller\extension\installer.php on line 138
2023-01-29 10:47:00 - PHP Unknown:  Function zip_read() is deprecated in C:\OpenServer\domains\test\admin\controller\extension\installer.php on line 137
2023-01-29 10:47:00 - PHP Unknown:  Function zip_entry_name() is deprecated in C:\OpenServer\domains\test\admin\controller\extension\installer.php on line 138
2023-01-29 10:47:00 - PHP Unknown:  Function zip_read() is deprecated in C:\OpenServer\domains\test\admin\controller\extension\installer.php on line 137
2023-01-29 10:47:00 - PHP Unknown:  Function zip_close() is deprecated in C:\OpenServer\domains\test\admin\controller\extension\installer.php on line 203
2023-01-29 10:48:00 - PHP Unknown:  Function zip_open() is deprecated in C:\OpenServer\domains\test\admin\controller\extension\installer.php on line 119
2023-01-29 10:48:00 - PHP Unknown:  Function zip_read() is deprecated in C:\OpenServer\domains\test\admin\controller\extension\installer.php on line 137
2023-01-29 10:48:00 - PHP Unknown:  Function zip_entry_name() is deprecated in C:\OpenServer\domains\test\admin\controller\extension\installer.php on line 138
2023-01-29 10:48:00 - PHP Unknown:  Function zip_read() is deprecated in C:\OpenServer\domains\test\admin\controller\extension\installer.php on line 137
2023-01-29 10:48:00 - PHP Unknown:  Function zip_entry_name() is deprecated in C:\OpenServer\domains\test\admin\controller\extension\installer.php on line 138
2023-01-29 10:48:00 - PHP Unknown:  Function zip_read() is deprecated in C:\OpenServer\domains\test\admin\controller\extension\installer.php on line 137
2023-01-29 10:48:00 - PHP Unknown:  Function zip_entry_name() is deprecated in C:\OpenServer\domains\test\admin\controller\extension\installer.php on line 138
2023-01-29 10:48:00 - PHP Unknown:  Function zip_read() is deprecated in C:\OpenServer\domains\test\admin\controller\extension\installer.php on line 137
2023-01-29 10:48:00 - PHP Unknown:  Function zip_entry_name() is deprecated in C:\OpenServer\domains\test\admin\controller\extension\installer.php on line 138
2023-01-29 10:48:00 - PHP Unknown:  Function zip_read() is deprecated in C:\OpenServer\domains\test\admin\controller\extension\installer.php on line 137
2023-01-29 10:48:00 - PHP Unknown:  Function zip_entry_name() is deprecated in C:\OpenServer\domains\test\admin\controller\extension\installer.php on line 138
2023-01-29 10:48:00 - PHP Unknown:  Function zip_read() is deprecated in C:\OpenServer\domains\test\admin\controller\extension\installer.php on line 137
2023-01-29 10:48:00 - PHP Unknown:  Function zip_entry_name() is deprecated in C:\OpenServer\domains\test\admin\controller\extension\installer.php on line 138
2023-01-29 10:48:00 - PHP Unknown:  Function zip_read() is deprecated in C:\OpenServer\domains\test\admin\controller\extension\installer.php on line 137
2023-01-29 10:48:00 - PHP Unknown:  Function zip_entry_name() is deprecated in C:\OpenServer\domains\test\admin\controller\extension\installer.php on line 138
2023-01-29 10:48:00 - PHP Unknown:  Function zip_read() is deprecated in C:\OpenServer\domains\test\admin\controller\extension\installer.php on line 137
2023-01-29 10:48:00 - PHP Unknown:  Function zip_entry_name() is deprecated in C:\OpenServer\domains\test\admin\controller\extension\installer.php on line 138
2023-01-29 10:48:00 - PHP Unknown:  Function zip_read() is deprecated in C:\OpenServer\domains\test\admin\controller\extension\installer.php on line 137
2023-01-29 10:48:00 - PHP Unknown:  Function zip_entry_name() is deprecated in C:\OpenServer\domains\test\admin\controller\extension\installer.php on line 138
2023-01-29 10:48:00 - PHP Unknown:  Function zip_read() is deprecated in C:\OpenServer\domains\test\admin\controller\extension\installer.php on line 137
2023-01-29 10:48:00 - PHP Unknown:  Function zip_entry_name() is deprecated in C:\OpenServer\domains\test\admin\controller\extension\installer.php on line 138
2023-01-29 10:48:00 - PHP Unknown:  Function zip_read() is deprecated in C:\OpenServer\domains\test\admin\controller\extension\installer.php on line 137
2023-01-29 10:48:00 - PHP Unknown:  Function zip_entry_name() is deprecated in C:\OpenServer\domains\test\admin\controller\extension\installer.php on line 138
2023-01-29 10:48:00 - PHP Unknown:  Function zip_read() is deprecated in C:\OpenServer\domains\test\admin\controller\extension\installer.php on line 137
2023-01-29 10:48:00 - PHP Unknown:  Function zip_entry_name() is deprecated in C:\OpenServer\domains\test\admin\controller\extension\installer.php on line 138
2023-01-29 10:48:00 - PHP Unknown:  Function zip_read() is deprecated in C:\OpenServer\domains\test\admin\controller\extension\installer.php on line 137
2023-01-29 10:48:00 - PHP Unknown:  Function zip_entry_name() is deprecated in C:\OpenServer\domains\test\admin\controller\extension\installer.php on line 138
2023-01-29 10:48:00 - PHP Unknown:  Function zip_read() is deprecated in C:\OpenServer\domains\test\admin\controller\extension\installer.php on line 137
2023-01-29 10:48:00 - PHP Unknown:  Function zip_entry_name() is deprecated in C:\OpenServer\domains\test\admin\controller\extension\installer.php on line 138
2023-01-29 10:48:00 - PHP Unknown:  Function zip_read() is deprecated in C:\OpenServer\domains\test\admin\controller\extension\installer.php on line 137
2023-01-29 10:48:00 - PHP Unknown:  Function zip_entry_name() is deprecated in C:\OpenServer\domains\test\admin\controller\extension\installer.php on line 138
2023-01-29 10:48:00 - PHP Unknown:  Function zip_read() is deprecated in C:\OpenServer\domains\test\admin\controller\extension\installer.php on line 137
2023-01-29 10:48:00 - PHP Unknown:  Function zip_entry_name() is deprecated in C:\OpenServer\domains\test\admin\controller\extension\installer.php on line 138
2023-01-29 10:48:00 - PHP Unknown:  Function zip_read() is deprecated in C:\OpenServer\domains\test\admin\controller\extension\installer.php on line 137
2023-01-29 10:48:00 - PHP Unknown:  Function zip_entry_name() is deprecated in C:\OpenServer\domains\test\admin\controller\extension\installer.php on line 138
2023-01-29 10:48:00 - PHP Unknown:  Function zip_read() is deprecated in C:\OpenServer\domains\test\admin\controller\extension\installer.php on line 137
2023-01-29 10:48:00 - PHP Unknown:  Function zip_entry_name() is deprecated in C:\OpenServer\domains\test\admin\controller\extension\installer.php on line 138
2023-01-29 10:48:00 - PHP Unknown:  Function zip_read() is deprecated in C:\OpenServer\domains\test\admin\controller\extension\installer.php on line 137
2023-01-29 10:48:00 - PHP Unknown:  Function zip_entry_name() is deprecated in C:\OpenServer\domains\test\admin\controller\extension\installer.php on line 138
2023-01-29 10:48:00 - PHP Unknown:  Function zip_read() is deprecated in C:\OpenServer\domains\test\admin\controller\extension\installer.php on line 137
2023-01-29 10:48:00 - PHP Unknown:  Function zip_entry_name() is deprecated in C:\OpenServer\domains\test\admin\controller\extension\installer.php on line 138
2023-01-29 10:48:00 - PHP Unknown:  Function zip_read() is deprecated in C:\OpenServer\domains\test\admin\controller\extension\installer.php on line 137
2023-01-29 10:48:00 - PHP Unknown:  Function zip_entry_name() is deprecated in C:\OpenServer\domains\test\admin\controller\extension\installer.php on line 138
2023-01-29 10:48:00 - PHP Unknown:  Function zip_read() is deprecated in C:\OpenServer\domains\test\admin\controller\extension\installer.php on line 137
2023-01-29 10:48:00 - PHP Unknown:  Function zip_entry_name() is deprecated in C:\OpenServer\domains\test\admin\controller\extension\installer.php on line 138
2023-01-29 10:48:00 - PHP Unknown:  Function zip_read() is deprecated in C:\OpenServer\domains\test\admin\controller\extension\installer.php on line 137
2023-01-29 10:48:00 - PHP Unknown:  Function zip_entry_name() is deprecated in C:\OpenServer\domains\test\admin\controller\extension\installer.php on line 138
2023-01-29 10:48:00 - PHP Unknown:  Function zip_read() is deprecated in C:\OpenServer\domains\test\admin\controller\extension\installer.php on line 137
2023-01-29 10:48:00 - PHP Unknown:  Function zip_entry_name() is deprecated in C:\OpenServer\domains\test\admin\controller\extension\installer.php on line 138
2023-01-29 10:48:00 - PHP Unknown:  Function zip_read() is deprecated in C:\OpenServer\domains\test\admin\controller\extension\installer.php on line 137
2023-01-29 10:48:00 - PHP Unknown:  Function zip_entry_name() is deprecated in C:\OpenServer\domains\test\admin\controller\extension\installer.php on line 138
2023-01-29 10:48:00 - PHP Unknown:  Function zip_read() is deprecated in C:\OpenServer\domains\test\admin\controller\extension\installer.php on line 137
2023-01-29 10:48:00 - PHP Unknown:  Function zip_entry_name() is deprecated in C:\OpenServer\domains\test\admin\controller\extension\installer.php on line 138
2023-01-29 10:48:00 - PHP Unknown:  Function zip_read() is deprecated in C:\OpenServer\domains\test\admin\controller\extension\installer.php on line 137
2023-01-29 10:48:00 - PHP Unknown:  Function zip_entry_name() is deprecated in C:\OpenServer\domains\test\admin\controller\extension\installer.php on line 138
2023-01-29 10:48:00 - PHP Unknown:  Function zip_read() is deprecated in C:\OpenServer\domains\test\admin\controller\extension\installer.php on line 137
2023-01-29 10:48:00 - PHP Unknown:  Function zip_entry_name() is deprecated in C:\OpenServer\domains\test\admin\controller\extension\installer.php on line 138
2023-01-29 10:48:00 - PHP Unknown:  Function zip_read() is deprecated in C:\OpenServer\domains\test\admin\controller\extension\installer.php on line 137
2023-01-29 10:48:00 - PHP Unknown:  Function zip_entry_name() is deprecated in C:\OpenServer\domains\test\admin\controller\extension\installer.php on line 138
2023-01-29 10:48:00 - PHP Unknown:  Function zip_read() is deprecated in C:\OpenServer\domains\test\admin\controller\extension\installer.php on line 137
2023-01-29 10:48:00 - PHP Unknown:  Function zip_close() is deprecated in C:\OpenServer\domains\test\admin\controller\extension\installer.php on line 203
2023-01-29 10:56:35 - PHP Unknown:  Function zip_open() is deprecated in C:\OpenServer\domains\test\admin\controller\extension\installer.php on line 119
2023-01-29 10:56:35 - PHP Unknown:  Function zip_read() is deprecated in C:\OpenServer\domains\test\admin\controller\extension\installer.php on line 137
2023-01-29 10:56:35 - PHP Unknown:  Function zip_entry_name() is deprecated in C:\OpenServer\domains\test\admin\controller\extension\installer.php on line 138
2023-01-29 10:56:35 - PHP Unknown:  Function zip_read() is deprecated in C:\OpenServer\domains\test\admin\controller\extension\installer.php on line 137
2023-01-29 10:56:35 - PHP Unknown:  Function zip_entry_name() is deprecated in C:\OpenServer\domains\test\admin\controller\extension\installer.php on line 138
2023-01-29 10:56:35 - PHP Unknown:  Function zip_read() is deprecated in C:\OpenServer\domains\test\admin\controller\extension\installer.php on line 137
2023-01-29 10:56:35 - PHP Unknown:  Function zip_entry_name() is deprecated in C:\OpenServer\domains\test\admin\controller\extension\installer.php on line 138
2023-01-29 10:56:35 - PHP Unknown:  Function zip_read() is deprecated in C:\OpenServer\domains\test\admin\controller\extension\installer.php on line 137
2023-01-29 10:56:35 - PHP Unknown:  Function zip_entry_name() is deprecated in C:\OpenServer\domains\test\admin\controller\extension\installer.php on line 138
2023-01-29 10:56:35 - PHP Unknown:  Function zip_read() is deprecated in C:\OpenServer\domains\test\admin\controller\extension\installer.php on line 137
2023-01-29 10:56:35 - PHP Unknown:  Function zip_entry_name() is deprecated in C:\OpenServer\domains\test\admin\controller\extension\installer.php on line 138
2023-01-29 10:56:35 - PHP Unknown:  Function zip_read() is deprecated in C:\OpenServer\domains\test\admin\controller\extension\installer.php on line 137
2023-01-29 10:56:35 - PHP Unknown:  Function zip_entry_name() is deprecated in C:\OpenServer\domains\test\admin\controller\extension\installer.php on line 138
2023-01-29 10:56:35 - PHP Unknown:  Function zip_read() is deprecated in C:\OpenServer\domains\test\admin\controller\extension\installer.php on line 137
2023-01-29 10:56:35 - PHP Unknown:  Function zip_entry_name() is deprecated in C:\OpenServer\domains\test\admin\controller\extension\installer.php on line 138
2023-01-29 10:56:35 - PHP Unknown:  Function zip_read() is deprecated in C:\OpenServer\domains\test\admin\controller\extension\installer.php on line 137
2023-01-29 10:56:35 - PHP Unknown:  Function zip_entry_name() is deprecated in C:\OpenServer\domains\test\admin\controller\extension\installer.php on line 138
2023-01-29 10:56:35 - PHP Unknown:  Function zip_read() is deprecated in C:\OpenServer\domains\test\admin\controller\extension\installer.php on line 137
2023-01-29 10:56:35 - PHP Unknown:  Function zip_entry_name() is deprecated in C:\OpenServer\domains\test\admin\controller\extension\installer.php on line 138
2023-01-29 10:56:35 - PHP Unknown:  Function zip_read() is deprecated in C:\OpenServer\domains\test\admin\controller\extension\installer.php on line 137
2023-01-29 10:56:35 - PHP Unknown:  Function zip_entry_name() is deprecated in C:\OpenServer\domains\test\admin\controller\extension\installer.php on line 138
2023-01-29 10:56:35 - PHP Unknown:  Function zip_read() is deprecated in C:\OpenServer\domains\test\admin\controller\extension\installer.php on line 137
2023-01-29 10:56:35 - PHP Unknown:  Function zip_entry_name() is deprecated in C:\OpenServer\domains\test\admin\controller\extension\installer.php on line 138
2023-01-29 10:56:35 - PHP Unknown:  Function zip_read() is deprecated in C:\OpenServer\domains\test\admin\controller\extension\installer.php on line 137
2023-01-29 10:56:35 - PHP Unknown:  Function zip_entry_name() is deprecated in C:\OpenServer\domains\test\admin\controller\extension\installer.php on line 138
2023-01-29 10:56:35 - PHP Unknown:  Function zip_read() is deprecated in C:\OpenServer\domains\test\admin\controller\extension\installer.php on line 137
2023-01-29 10:56:35 - PHP Unknown:  Function zip_entry_name() is deprecated in C:\OpenServer\domains\test\admin\controller\extension\installer.php on line 138
2023-01-29 10:56:35 - PHP Unknown:  Function zip_read() is deprecated in C:\OpenServer\domains\test\admin\controller\extension\installer.php on line 137
2023-01-29 10:56:35 - PHP Unknown:  Function zip_entry_name() is deprecated in C:\OpenServer\domains\test\admin\controller\extension\installer.php on line 138
2023-01-29 10:56:35 - PHP Unknown:  Function zip_read() is deprecated in C:\OpenServer\domains\test\admin\controller\extension\installer.php on line 137
2023-01-29 10:56:35 - PHP Unknown:  Function zip_entry_name() is deprecated in C:\OpenServer\domains\test\admin\controller\extension\installer.php on line 138
2023-01-29 10:56:35 - PHP Unknown:  Function zip_read() is deprecated in C:\OpenServer\domains\test\admin\controller\extension\installer.php on line 137
2023-01-29 10:56:35 - PHP Unknown:  Function zip_entry_name() is deprecated in C:\OpenServer\domains\test\admin\controller\extension\installer.php on line 138
2023-01-29 10:56:35 - PHP Unknown:  Function zip_read() is deprecated in C:\OpenServer\domains\test\admin\controller\extension\installer.php on line 137
2023-01-29 10:56:35 - PHP Unknown:  Function zip_entry_name() is deprecated in C:\OpenServer\domains\test\admin\controller\extension\installer.php on line 138
2023-01-29 10:56:35 - PHP Unknown:  Function zip_read() is deprecated in C:\OpenServer\domains\test\admin\controller\extension\installer.php on line 137
2023-01-29 10:56:35 - PHP Unknown:  Function zip_entry_name() is deprecated in C:\OpenServer\domains\test\admin\controller\extension\installer.php on line 138
2023-01-29 10:56:35 - PHP Unknown:  Function zip_read() is deprecated in C:\OpenServer\domains\test\admin\controller\extension\installer.php on line 137
2023-01-29 10:56:35 - PHP Unknown:  Function zip_entry_name() is deprecated in C:\OpenServer\domains\test\admin\controller\extension\installer.php on line 138
2023-01-29 10:56:35 - PHP Unknown:  Function zip_read() is deprecated in C:\OpenServer\domains\test\admin\controller\extension\installer.php on line 137
2023-01-29 10:56:35 - PHP Unknown:  Function zip_entry_name() is deprecated in C:\OpenServer\domains\test\admin\controller\extension\installer.php on line 138
2023-01-29 10:56:35 - PHP Unknown:  Function zip_read() is deprecated in C:\OpenServer\domains\test\admin\controller\extension\installer.php on line 137
2023-01-29 10:56:35 - PHP Unknown:  Function zip_entry_name() is deprecated in C:\OpenServer\domains\test\admin\controller\extension\installer.php on line 138
2023-01-29 10:56:35 - PHP Unknown:  Function zip_read() is deprecated in C:\OpenServer\domains\test\admin\controller\extension\installer.php on line 137
2023-01-29 10:56:35 - PHP Unknown:  Function zip_entry_name() is deprecated in C:\OpenServer\domains\test\admin\controller\extension\installer.php on line 138
2023-01-29 10:56:35 - PHP Unknown:  Function zip_read() is deprecated in C:\OpenServer\domains\test\admin\controller\extension\installer.php on line 137
2023-01-29 10:56:35 - PHP Unknown:  Function zip_entry_name() is deprecated in C:\OpenServer\domains\test\admin\controller\extension\installer.php on line 138
2023-01-29 10:56:35 - PHP Unknown:  Function zip_read() is deprecated in C:\OpenServer\domains\test\admin\controller\extension\installer.php on line 137
2023-01-29 10:56:35 - PHP Unknown:  Function zip_entry_name() is deprecated in C:\OpenServer\domains\test\admin\controller\extension\installer.php on line 138
2023-01-29 10:56:35 - PHP Unknown:  Function zip_read() is deprecated in C:\OpenServer\domains\test\admin\controller\extension\installer.php on line 137
2023-01-29 10:56:35 - PHP Unknown:  Function zip_entry_name() is deprecated in C:\OpenServer\domains\test\admin\controller\extension\installer.php on line 138
2023-01-29 10:56:35 - PHP Unknown:  Function zip_read() is deprecated in C:\OpenServer\domains\test\admin\controller\extension\installer.php on line 137
2023-01-29 10:56:35 - PHP Unknown:  Function zip_entry_name() is deprecated in C:\OpenServer\domains\test\admin\controller\extension\installer.php on line 138
2023-01-29 10:56:35 - PHP Unknown:  Function zip_read() is deprecated in C:\OpenServer\domains\test\admin\controller\extension\installer.php on line 137
2023-01-29 10:56:35 - PHP Unknown:  Function zip_entry_name() is deprecated in C:\OpenServer\domains\test\admin\controller\extension\installer.php on line 138
2023-01-29 10:56:35 - PHP Unknown:  Function zip_read() is deprecated in C:\OpenServer\domains\test\admin\controller\extension\installer.php on line 137
2023-01-29 10:56:35 - PHP Unknown:  Function zip_entry_name() is deprecated in C:\OpenServer\domains\test\admin\controller\extension\installer.php on line 138
2023-01-29 10:56:35 - PHP Unknown:  Function zip_read() is deprecated in C:\OpenServer\domains\test\admin\controller\extension\installer.php on line 137
2023-01-29 10:56:35 - PHP Unknown:  Function zip_entry_name() is deprecated in C:\OpenServer\domains\test\admin\controller\extension\installer.php on line 138
2023-01-29 10:56:35 - PHP Unknown:  Function zip_read() is deprecated in C:\OpenServer\domains\test\admin\controller\extension\installer.php on line 137
2023-01-29 10:56:35 - PHP Unknown:  Function zip_close() is deprecated in C:\OpenServer\domains\test\admin\controller\extension\installer.php on line 203
2023-01-29 11:02:35 - PHP Unknown:  Function zip_open() is deprecated in C:\OpenServer\domains\test\admin\controller\extension\installer.php on line 119
2023-01-29 11:02:35 - PHP Unknown:  Function zip_read() is deprecated in C:\OpenServer\domains\test\admin\controller\extension\installer.php on line 137
2023-01-29 11:02:35 - PHP Unknown:  Function zip_entry_name() is deprecated in C:\OpenServer\domains\test\admin\controller\extension\installer.php on line 138
2023-01-29 11:02:35 - PHP Unknown:  Function zip_read() is deprecated in C:\OpenServer\domains\test\admin\controller\extension\installer.php on line 137
2023-01-29 11:02:35 - PHP Unknown:  Function zip_entry_name() is deprecated in C:\OpenServer\domains\test\admin\controller\extension\installer.php on line 138
2023-01-29 11:02:35 - PHP Unknown:  Function zip_read() is deprecated in C:\OpenServer\domains\test\admin\controller\extension\installer.php on line 137
2023-01-29 11:02:35 - PHP Unknown:  Function zip_entry_name() is deprecated in C:\OpenServer\domains\test\admin\controller\extension\installer.php on line 138
2023-01-29 11:02:35 - PHP Unknown:  Function zip_read() is deprecated in C:\OpenServer\domains\test\admin\controller\extension\installer.php on line 137
2023-01-29 11:02:35 - PHP Unknown:  Function zip_entry_name() is deprecated in C:\OpenServer\domains\test\admin\controller\extension\installer.php on line 138
2023-01-29 11:02:35 - PHP Unknown:  Function zip_read() is deprecated in C:\OpenServer\domains\test\admin\controller\extension\installer.php on line 137
2023-01-29 11:02:35 - PHP Unknown:  Function zip_entry_name() is deprecated in C:\OpenServer\domains\test\admin\controller\extension\installer.php on line 138
2023-01-29 11:02:35 - PHP Unknown:  Function zip_read() is deprecated in C:\OpenServer\domains\test\admin\controller\extension\installer.php on line 137
2023-01-29 11:02:35 - PHP Unknown:  Function zip_entry_name() is deprecated in C:\OpenServer\domains\test\admin\controller\extension\installer.php on line 138
2023-01-29 11:02:35 - PHP Unknown:  Function zip_read() is deprecated in C:\OpenServer\domains\test\admin\controller\extension\installer.php on line 137
2023-01-29 11:02:35 - PHP Unknown:  Function zip_entry_name() is deprecated in C:\OpenServer\domains\test\admin\controller\extension\installer.php on line 138
2023-01-29 11:02:35 - PHP Unknown:  Function zip_read() is deprecated in C:\OpenServer\domains\test\admin\controller\extension\installer.php on line 137
2023-01-29 11:02:35 - PHP Unknown:  Function zip_entry_name() is deprecated in C:\OpenServer\domains\test\admin\controller\extension\installer.php on line 138
2023-01-29 11:02:35 - PHP Unknown:  Function zip_read() is deprecated in C:\OpenServer\domains\test\admin\controller\extension\installer.php on line 137
2023-01-29 11:02:35 - PHP Unknown:  Function zip_entry_name() is deprecated in C:\OpenServer\domains\test\admin\controller\extension\installer.php on line 138
2023-01-29 11:02:35 - PHP Unknown:  Function zip_read() is deprecated in C:\OpenServer\domains\test\admin\controller\extension\installer.php on line 137
2023-01-29 11:02:35 - PHP Unknown:  Function zip_entry_name() is deprecated in C:\OpenServer\domains\test\admin\controller\extension\installer.php on line 138
2023-01-29 11:02:35 - PHP Unknown:  Function zip_read() is deprecated in C:\OpenServer\domains\test\admin\controller\extension\installer.php on line 137
2023-01-29 11:02:35 - PHP Unknown:  Function zip_entry_name() is deprecated in C:\OpenServer\domains\test\admin\controller\extension\installer.php on line 138
2023-01-29 11:02:35 - PHP Unknown:  Function zip_read() is deprecated in C:\OpenServer\domains\test\admin\controller\extension\installer.php on line 137
2023-01-29 11:02:35 - PHP Unknown:  Function zip_entry_name() is deprecated in C:\OpenServer\domains\test\admin\controller\extension\installer.php on line 138
2023-01-29 11:02:35 - PHP Unknown:  Function zip_read() is deprecated in C:\OpenServer\domains\test\admin\controller\extension\installer.php on line 137
2023-01-29 11:02:35 - PHP Unknown:  Function zip_entry_name() is deprecated in C:\OpenServer\domains\test\admin\controller\extension\installer.php on line 138
2023-01-29 11:02:35 - PHP Unknown:  Function zip_read() is deprecated in C:\OpenServer\domains\test\admin\controller\extension\installer.php on line 137
2023-01-29 11:02:35 - PHP Unknown:  Function zip_entry_name() is deprecated in C:\OpenServer\domains\test\admin\controller\extension\installer.php on line 138
2023-01-29 11:02:35 - PHP Unknown:  Function zip_read() is deprecated in C:\OpenServer\domains\test\admin\controller\extension\installer.php on line 137
2023-01-29 11:02:35 - PHP Unknown:  Function zip_entry_name() is deprecated in C:\OpenServer\domains\test\admin\controller\extension\installer.php on line 138
2023-01-29 11:02:35 - PHP Unknown:  Function zip_read() is deprecated in C:\OpenServer\domains\test\admin\controller\extension\installer.php on line 137
2023-01-29 11:02:35 - PHP Unknown:  Function zip_entry_name() is deprecated in C:\OpenServer\domains\test\admin\controller\extension\installer.php on line 138
2023-01-29 11:02:35 - PHP Unknown:  Function zip_read() is deprecated in C:\OpenServer\domains\test\admin\controller\extension\installer.php on line 137
2023-01-29 11:02:35 - PHP Unknown:  Function zip_entry_name() is deprecated in C:\OpenServer\domains\test\admin\controller\extension\installer.php on line 138
2023-01-29 11:02:35 - PHP Unknown:  Function zip_read() is deprecated in C:\OpenServer\domains\test\admin\controller\extension\installer.php on line 137
2023-01-29 11:02:35 - PHP Unknown:  Function zip_entry_name() is deprecated in C:\OpenServer\domains\test\admin\controller\extension\installer.php on line 138
2023-01-29 11:02:35 - PHP Unknown:  Function zip_read() is deprecated in C:\OpenServer\domains\test\admin\controller\extension\installer.php on line 137
2023-01-29 11:02:35 - PHP Unknown:  Function zip_entry_name() is deprecated in C:\OpenServer\domains\test\admin\controller\extension\installer.php on line 138
2023-01-29 11:02:35 - PHP Unknown:  Function zip_read() is deprecated in C:\OpenServer\domains\test\admin\controller\extension\installer.php on line 137
2023-01-29 11:02:35 - PHP Unknown:  Function zip_entry_name() is deprecated in C:\OpenServer\domains\test\admin\controller\extension\installer.php on line 138
2023-01-29 11:02:35 - PHP Unknown:  Function zip_read() is deprecated in C:\OpenServer\domains\test\admin\controller\extension\installer.php on line 137
2023-01-29 11:02:35 - PHP Unknown:  Function zip_entry_name() is deprecated in C:\OpenServer\domains\test\admin\controller\extension\installer.php on line 138
2023-01-29 11:02:35 - PHP Unknown:  Function zip_read() is deprecated in C:\OpenServer\domains\test\admin\controller\extension\installer.php on line 137
2023-01-29 11:02:35 - PHP Unknown:  Function zip_entry_name() is deprecated in C:\OpenServer\domains\test\admin\controller\extension\installer.php on line 138
2023-01-29 11:02:35 - PHP Unknown:  Function zip_read() is deprecated in C:\OpenServer\domains\test\admin\controller\extension\installer.php on line 137
2023-01-29 11:02:35 - PHP Unknown:  Function zip_entry_name() is deprecated in C:\OpenServer\domains\test\admin\controller\extension\installer.php on line 138
2023-01-29 11:02:35 - PHP Unknown:  Function zip_read() is deprecated in C:\OpenServer\domains\test\admin\controller\extension\installer.php on line 137
2023-01-29 11:02:35 - PHP Unknown:  Function zip_entry_name() is deprecated in C:\OpenServer\domains\test\admin\controller\extension\installer.php on line 138
2023-01-29 11:02:35 - PHP Unknown:  Function zip_read() is deprecated in C:\OpenServer\domains\test\admin\controller\extension\installer.php on line 137
2023-01-29 11:02:35 - PHP Unknown:  Function zip_entry_name() is deprecated in C:\OpenServer\domains\test\admin\controller\extension\installer.php on line 138
2023-01-29 11:02:35 - PHP Unknown:  Function zip_read() is deprecated in C:\OpenServer\domains\test\admin\controller\extension\installer.php on line 137
2023-01-29 11:02:35 - PHP Unknown:  Function zip_entry_name() is deprecated in C:\OpenServer\domains\test\admin\controller\extension\installer.php on line 138
2023-01-29 11:02:35 - PHP Unknown:  Function zip_read() is deprecated in C:\OpenServer\domains\test\admin\controller\extension\installer.php on line 137
2023-01-29 11:02:35 - PHP Unknown:  Function zip_entry_name() is deprecated in C:\OpenServer\domains\test\admin\controller\extension\installer.php on line 138
2023-01-29 11:02:35 - PHP Unknown:  Function zip_read() is deprecated in C:\OpenServer\domains\test\admin\controller\extension\installer.php on line 137
2023-01-29 11:02:35 - PHP Unknown:  Function zip_entry_name() is deprecated in C:\OpenServer\domains\test\admin\controller\extension\installer.php on line 138
2023-01-29 11:02:35 - PHP Unknown:  Function zip_read() is deprecated in C:\OpenServer\domains\test\admin\controller\extension\installer.php on line 137
2023-01-29 11:02:35 - PHP Unknown:  Function zip_entry_name() is deprecated in C:\OpenServer\domains\test\admin\controller\extension\installer.php on line 138
2023-01-29 11:02:35 - PHP Unknown:  Function zip_read() is deprecated in C:\OpenServer\domains\test\admin\controller\extension\installer.php on line 137
2023-01-29 11:02:35 - PHP Unknown:  Function zip_close() is deprecated in C:\OpenServer\domains\test\admin\controller\extension\installer.php on line 203
2023-01-29 11:08:27 - PHP Warning:  imagecreatefrompng(): gd-png: libpng warning: Interlace handling should be turned on when using png_read_image in C:\OpenServer\domains\test\system\library\image.php on line 24
2023-01-29 11:09:16 - PHP Warning:  ftp_login(): Login or password incorrect! in C:\OpenServer\domains\test\admin\controller\extension\installer.php on line 294
2023-01-29 11:24:27 - PHP Warning:  imagecreatefrompng(): gd-png: libpng warning: Interlace handling should be turned on when using png_read_image in C:\OpenServer\domains\test\system\library\image.php on line 24
2023-01-29 11:28:46 - PHP Warning:  imagecreatefrompng(): gd-png: libpng warning: Interlace handling should be turned on when using png_read_image in C:\OpenServer\domains\test\system\library\image.php on line 24
